   Compiling rtd-types v0.1.0 (/Users/changzechuan/WenchuanProjects/SuiTestProjects/sui/crates/rtd-types)
   Compiling move-compiler v0.0.1 (/Users/changzechuan/WenchuanProjects/SuiTestProjects/sui/external-crates/move/crates/move-compiler)
   Compiling starlark_syntax v0.13.0
   Compiling tikv-jemalloc-sys v0.5.4+5.3.0-patched
   Compiling librocksdb-sys v0.16.0+8.10.0
   Compiling lz4-sys v1.11.1+lz4-1.10.0
   Compiling quinn v0.11.2
   Compiling tonic-prost v0.14.2
   Compiling protox v0.9.0
   Compiling rtd-http v0.0.0 (/Users/changzechuan/WenchuanProjects/SuiTestProjects/sui/crates/rtd-http)
   Compiling pretty_simple v0.1.1
   Compiling darling_macro v0.20.10
   Compiling typed-store-derive v0.3.0 (/Users/changzechuan/WenchuanProjects/SuiTestProjects/sui/crates/typed-store-derive)
   Compiling fdlimit v0.2.1
   Compiling winnow v0.4.6
   Compiling collectable v0.0.2
   Compiling zstd-safe v6.0.5+zstd.1.5.4
   Compiling ed25519-dalek v2.2.0
   Compiling move-vm-profiler v0.1.0 (/Users/changzechuan/WenchuanProjects/SuiTestProjects/sui/external-crates/move/crates/move-vm-profiler)
   Compiling reqwest v0.12.9
   Compiling shared-crypto v0.0.0 (/Users/changzechuan/WenchuanProjects/SuiTestProjects/sui/crates/shared-crypto)
   Compiling tonic-health v0.14.2
   Compiling ark-crypto-primitives v0.4.0
   Compiling pretty_assertions v1.4.1
   Compiling heck v0.3.3
   Compiling toml v0.5.11
   Compiling darling v0.20.10
   Compiling fs4 v0.13.1
   Compiling named-lock v0.2.0
   Compiling derive-where v1.2.7
   Compiling append-only-vec v0.1.7
   Compiling path-clean v1.0.1
   Compiling bimap v0.6.3
   Compiling rtd-sdk-types v0.1.1 (https://github.com/link-u-web3/rtd-rust-sdk.git?rev=2fff36e9d4b7fbad1b7e44a1b9aefbd3f042d126#2fff36e9)
   Compiling move-vm-types v0.1.0 (/Users/changzechuan/WenchuanProjects/SuiTestProjects/sui/external-crates/move/crates/move-vm-types)
   Compiling anemo v0.0.0 (https://github.com/link-u-web3/anemo.git?rev=4b5f0f1d06a31c8ef78ec2e5b446bc633e4e2f77#4b5f0f1d)
   Compiling rtd-crypto v0.1.0 (https://github.com/link-u-web3/rtd-rust-sdk.git?rev=2fff36e9d4b7fbad1b7e44a1b9aefbd3f042d126#2fff36e9)
   Compiling ark-groth16 v0.4.0
   Compiling portable-atomic v1.11.1
   Compiling console v0.16.1
   Compiling ark-bn254 v0.4.0
   Compiling rtd-rpc-api v0.1.0 (/Users/changzechuan/WenchuanProjects/SuiTestProjects/sui/crates/rtd-rpc-api)
   Compiling rtd-macros v0.7.0 (/Users/changzechuan/WenchuanProjects/SuiTestProjects/sui/crates/rtd-macros)
   Compiling neptune v13.0.0
   Compiling tonic-reflection v0.14.2
   Compiling tonic-web v0.14.2
   Compiling serde-env v0.2.0
   Compiling unit-prefix v0.5.2
   Compiling zstd v0.12.3+zstd.1.5.2
   Compiling move-bytecode-utils v0.1.0 (/Users/changzechuan/WenchuanProjects/SuiTestProjects/sui/external-crates/move/crates/move-bytecode-utils)
   Compiling indicatif v0.18.3
   Compiling rtd-protocol-config v0.1.0 (/Users/changzechuan/WenchuanProjects/SuiTestProjects/sui/crates/rtd-protocol-config)
   Compiling fastcrypto-tbls v0.1.0 (https://github.com/link-u-web3/fastcrypto?rev=4db0e90c732bbf7420ca20de808b698883148d9c#4db0e90c)
   Compiling toml_edit v0.19.10
   Compiling lru v0.10.0
   Compiling p384 v0.13.0
   Compiling linku-common v0.1.0 (/Users/changzechuan/WenchuanProjects/SuiTestProjects/sui/crates/linku-common)
   Compiling move-vm-test-utils v0.1.0 (/Users/changzechuan/WenchuanProjects/SuiTestProjects/sui/external-crates/move/crates/move-vm-test-utils)
   Compiling fastcrypto-zkp v0.1.3 (https://github.com/link-u-web3/fastcrypto?rev=4db0e90c732bbf7420ca20de808b698883148d9c#4db0e90c)
   Compiling starlark v0.13.0
   Compiling anemo-tower v0.0.0 (https://github.com/link-u-web3/anemo.git?rev=4b5f0f1d06a31c8ef78ec2e5b446bc633e4e2f77#4b5f0f1d)
   Compiling proptest v1.6.0
   Compiling integer-encoding v3.0.4
   Compiling camino v1.1.9
   Compiling triomphe v0.1.11
   Compiling tagptr v0.2.0
   Compiling move-vm-runtime v0.1.0 (/Users/changzechuan/WenchuanProjects/SuiTestProjects/sui/external-crates/move/crates/move-vm-runtime)
   Compiling moka v0.12.5
   Compiling base64-url v2.0.0
   Compiling lru v0.12.3
   Compiling linku-network v0.2.0 (/Users/changzechuan/WenchuanProjects/SuiTestProjects/sui/crates/linku-network)
   Compiling num-modular v0.5.1
   Compiling filetime v0.2.25
   Compiling move-bytecode-verifier-v0 v0.1.0 (/Users/changzechuan/WenchuanProjects/SuiTestProjects/sui/external-crates/move/move-execution/v0/crates/move-bytecode-verifier)
   Compiling move-bytecode-verifier-v2 v0.1.0 (/Users/changzechuan/WenchuanProjects/SuiTestProjects/sui/external-crates/move/move-execution/v2/crates/move-bytecode-verifier)
   Compiling toml v0.7.4
   Compiling num-prime v0.4.4
   Compiling move-bytecode-verifier-v1 v0.1.0 (/Users/changzechuan/WenchuanProjects/SuiTestProjects/sui/external-crates/move/move-execution/v1/crates/move-bytecode-verifier)
   Compiling fsevent-sys v4.1.0
   Compiling notify v6.1.1
   Compiling move-vm-types-v0 v0.1.0 (/Users/changzechuan/WenchuanProjects/SuiTestProjects/sui/external-crates/move/move-execution/v0/crates/move-vm-types)
   Compiling move-vm-types-v1 v0.1.0 (/Users/changzechuan/WenchuanProjects/SuiTestProjects/sui/external-crates/move/move-execution/v1/crates/move-vm-types)
   Compiling fastcrypto-vdf v0.1.0 (https://github.com/link-u-web3/fastcrypto?rev=4db0e90c732bbf7420ca20de808b698883148d9c#4db0e90c)
   Compiling consensus-config v0.1.0 (/Users/changzechuan/WenchuanProjects/SuiTestProjects/sui/consensus/config)
   Compiling move-stdlib-natives v0.1.1 (/Users/changzechuan/WenchuanProjects/SuiTestProjects/sui/external-crates/move/crates/move-stdlib-natives)
   Compiling move-vm-types-v2 v0.1.0 (/Users/changzechuan/WenchuanProjects/SuiTestProjects/sui/external-crates/move/move-execution/v2/crates/move-vm-types)
   Compiling http v0.2.9
   Compiling fs-err v3.2.1
   Compiling consensus-types v0.1.0 (/Users/changzechuan/WenchuanProjects/SuiTestProjects/sui/consensus/types)
   Compiling rtd-rpc v0.1.1 (https://github.com/link-u-web3/rtd-rust-sdk.git?rev=2fff36e9d4b7fbad1b7e44a1b9aefbd3f042d126#2fff36e9)
   Compiling move-vm-runtime-v1 v0.1.0 (/Users/changzechuan/WenchuanProjects/SuiTestProjects/sui/external-crates/move/move-execution/v1/crates/move-vm-runtime)
   Compiling move-vm-runtime-v0 v0.1.0 (/Users/changzechuan/WenchuanProjects/SuiTestProjects/sui/external-crates/move/move-execution/v0/crates/move-vm-runtime)
   Compiling arc-swap v1.6.0
   Compiling move-vm-runtime-v2 v0.1.0 (/Users/changzechuan/WenchuanProjects/SuiTestProjects/sui/external-crates/move/move-execution/v2/crates/move-vm-runtime)
   Compiling axum-server v0.8.0
   Compiling http-body v0.4.5
   Compiling anemo-build v0.0.0 (https://github.com/link-u-web3/anemo.git?rev=4b5f0f1d06a31c8ef78ec2e5b446bc633e4e2f77#4b5f0f1d)
   Compiling toml v0.8.16
   Compiling dsl_auto_type v0.1.2
   Compiling rtd-tls v0.0.0 (/Users/changzechuan/WenchuanProjects/SuiTestProjects/sui/crates/rtd-tls)
   Compiling consensus-core v0.1.0 (/Users/changzechuan/WenchuanProjects/SuiTestProjects/sui/consensus/core)
   Compiling move-stdlib-natives-v1 v0.1.1 (/Users/changzechuan/WenchuanProjects/SuiTestProjects/sui/external-crates/move/move-execution/v1/crates/move-stdlib-natives)
   Compiling diesel_table_macro_syntax v0.2.0
   Compiling move-stdlib-natives-v0 v0.1.1 (/Users/changzechuan/WenchuanProjects/SuiTestProjects/sui/external-crates/move/move-execution/v0/crates/move-stdlib-natives)
   Compiling unicode-properties v0.1.2
   Compiling unicode-bidi v0.3.15
   Compiling diesel_derives v2.2.3
   Compiling rtd-network v0.0.0 (/Users/changzechuan/WenchuanProjects/SuiTestProjects/sui/crates/rtd-network)
   Compiling tonic-rustls v0.3.0
   Compiling objc2-core-foundation v0.3.1
   Compiling fallible-iterator v0.2.0
   Compiling stringprep v0.1.5
   Compiling move-stdlib-natives-v2 v0.1.1 (/Users/changzechuan/WenchuanProjects/SuiTestProjects/sui/external-crates/move/move-execution/v2/crates/move-stdlib-natives)
   Compiling twox-hash v1.6.3
   Compiling postgres-protocol v0.6.7
   Compiling scoped-futures v0.1.3
   Compiling migrations_internals v2.2.0
   Compiling diffy v0.3.0
   Compiling count-min-sketch v0.1.7
   Compiling rtd-futures v1.63.0 (/Users/changzechuan/WenchuanProjects/SuiTestProjects/sui/crates/rtd-futures)
   Compiling rtd-field-count-derive v1.63.0 (/Users/changzechuan/WenchuanProjects/SuiTestProjects/sui/crates/rtd-field-count-derive)
   Compiling simple_moving_average v1.0.2
   Compiling migrations_macros v2.2.0
   Compiling bb8 v0.8.5
   Compiling postgres-types v0.2.8
   Compiling rtd-field-count v1.63.0 (/Users/changzechuan/WenchuanProjects/SuiTestProjects/sui/crates/rtd-field-count)
   Compiling objc2-io-kit v0.3.1
   Compiling bcder v0.7.4
   Compiling rtd-indexer-alt-framework-store-traits v1.63.0 (/Users/changzechuan/WenchuanProjects/SuiTestProjects/sui/crates/rtd-indexer-alt-framework-store-traits)
   Compiling rtd-sql-macro v1.63.0 (/Users/changzechuan/WenchuanProjects/SuiTestProjects/sui/crates/rtd-sql-macro)
   Compiling darling_core v0.14.2
   Compiling ring v0.16.20
   Compiling strum_macros v0.26.4
   Compiling tokio-postgres v0.7.12
   Compiling cached_proc_macro_types v0.1.0
   Compiling spin v0.5.2
   Compiling untrusted v0.7.1
   Compiling sysinfo v0.35.2
   Compiling async_once v0.2.6
   Compiling tracing-futures v0.2.5
   Compiling encoding_rs v0.8.31
   Compiling linku-service v0.0.1 (/Users/changzechuan/WenchuanProjects/SuiTestProjects/sui/crates/linku-service)
   Compiling parity-scale-codec-derive v3.6.5
   Compiling rlp-derive v0.1.0
   Compiling rustls v0.21.12
   Compiling tikv-jemallocator v0.5.4
   Compiling rlp v0.5.2
   Compiling x509-certificate v0.23.1
   Compiling rustls-webpki v0.101.7
   Compiling scale-info-derive v2.10.0
   Compiling h2 v0.3.26
   Compiling impl-rlp v0.3.0
   Compiling fixed-hash v0.8.0
   Compiling backon v1.4.0
   Compiling cargo-platform v0.1.2
   Compiling impl-serde v0.4.0
   Compiling socket2 v0.4.9
   Compiling strum v0.26.3
   Compiling parity-scale-codec v3.6.5
   Compiling urlencoding v2.1.2
   Compiling rustls-pemfile v1.0.2
   Compiling async-graphql-value v7.0.1 (https://github.com/link-u-web3/async-graphql?branch=v7.0.1-react-18-graphiql-4#7be93519)
   Compiling ascii_utils v0.9.3
   Compiling rustls-native-certs v0.6.2
   Compiling darling_macro v0.14.2
   Compiling fast_chemail v0.9.6
   Compiling multer v3.1.0
   Compiling opentelemetry v0.21.0
   Compiling handlebars v4.5.0
   Compiling darling v0.14.2
   Compiling auto_impl v1.1.0
   Compiling async-graphql-parser v7.0.1 (https://github.com/link-u-web3/async-graphql?branch=v7.0.1-react-18-graphiql-4#7be93519)
   Compiling lru v0.7.8
   Compiling open-fastrlp-derive v0.1.1
   Compiling syn v2.0.99
   Compiling tokio-postgres-rustls v0.12.0
   Compiling static_assertions_next v1.1.2
   Compiling cached_proc_macro v0.16.0
   Compiling tiny-keccak v2.0.2
   Compiling num_enum_derive v0.7.3
   Compiling headers-core v0.3.0
   Compiling castaway v0.2.3
   Compiling outref v0.5.1
   Compiling vsimd v0.8.0
   Compiling compact_str v0.8.1
   Compiling headers v0.4.0
   Compiling cargo_metadata v0.18.1
   Compiling scale-info v2.10.0
   Compiling impl-codec v0.6.0
   Compiling instability v0.3.7
   Compiling base64-simd v0.8.0
   Compiling cached v0.43.0
   Compiling diesel v2.2.3
   Compiling num_enum v0.7.3
   Compiling crossterm v0.28.1
   Compiling logos-codegen v0.14.1
   Compiling unicode-truncate v1.1.0
   Compiling bytes-utils v0.1.3
   Compiling const-hex v1.9.1
   Compiling primitive-types v0.12.2
   Compiling ethbloom v0.13.0
   Compiling rtd-default-config v1.63.0 (/Users/changzechuan/WenchuanProjects/SuiTestProjects/sui/crates/rtd-default-config)
   Compiling cassowary v0.3.0
   Compiling aws-smithy-types v1.2.13
   Compiling proc-macro2-diagnostics v0.10.1
   Compiling ratatui v0.29.0
   Compiling half v2.3.1
   Compiling ouroboros_macro v0.18.4
   Compiling webpki-roots v0.25.2
   Compiling sct v0.7.0
   Compiling arrow-schema v54.2.0
   Compiling arrow-buffer v54.2.0
   Compiling logos-derive v0.14.1
   Compiling logos v0.14.1
   Compiling treeline v0.1.0
   Compiling ethereum-types v0.14.1
   Compiling hyper v0.14.26
   Compiling cynic-parser v0.9.1
   Compiling async-graphql-derive v7.0.1 (https://github.com/link-u-web3/async-graphql?branch=v7.0.1-react-18-graphiql-4#7be93519)
   Compiling arrow-data v54.2.0
   Compiling ouroboros v0.18.4
   Compiling open-fastrlp v0.1.4
   Compiling ethabi v18.0.0
   Compiling simple_asn1 v0.6.2
   Compiling pem v1.1.0
   Compiling aws-smithy-async v1.2.4
   Compiling arrow-array v54.2.0
   Compiling jsonwebtoken v8.3.0
   Compiling aws-smithy-runtime-api v1.7.3
   Compiling prettyplease v0.2.17
   Compiling tokio-rustls v0.24.1
   Compiling ethers-core v2.0.14
   Compiling lexical-util v1.0.6
   Compiling axum-extra v0.9.3
   Compiling gcp_auth v0.12.3
   Compiling cynic-codegen v3.10.0
   Compiling k256 v0.13.4
   Compiling plotters-backend v0.3.4
   Compiling aws-smithy-http v0.60.12
   Compiling plotters-svg v0.3.3
   Compiling aws-credential-types v1.2.1
   Compiling tungstenite v0.20.1
   Compiling coins-core v0.8.7
   Compiling rtd-graphql-rpc-headers v0.1.0 (/Users/changzechuan/WenchuanProjects/SuiTestProjects/sui/crates/rtd-graphql-rpc-headers)
   Compiling salsa20 v0.10.2
   Compiling aws-types v1.3.5
   Compiling cast v0.3.0
   Compiling coins-bip32 v0.8.7
   Compiling scrypt v0.10.0
   Compiling arrow-select v54.2.0
   Compiling criterion-plot v0.5.0
   Compiling tokio-tungstenite v0.20.1
   Compiling plotters v0.3.4
   Compiling lexical-parse-integer v1.0.5
   Compiling lexical-write-integer v1.0.5
   Compiling enr v0.10.0
   Compiling hashers v1.0.1
   Compiling rtd-indexer-alt-consistent-api v1.63.0 (/Users/changzechuan/WenchuanProjects/SuiTestProjects/sui/crates/rtd-indexer-alt-consistent-api)
   Compiling Inflector v0.11.4
   Compiling pbkdf2 v0.12.1
   Compiling tinytemplate v1.2.1
   Compiling hyper-rustls v0.24.0
   Compiling uuid v0.8.2
   Compiling reqwest v0.11.20
   Compiling anes v0.1.6
   Compiling oorandom v11.1.3
   Compiling unty v0.0.4
   Compiling criterion v0.5.1
   Compiling eth-keystore v0.5.0
   Compiling aws-smithy-runtime v1.7.8
   Compiling bincode v2.0.1
   Compiling coins-bip39 v0.8.7
   Compiling lexical-write-float v1.0.5
   Compiling lexical-parse-float v1.0.5
   Compiling aws-sigv4 v1.2.9
   Compiling cynic-proc-macros v3.10.0
   Compiling libtest-mimic v0.6.1
   Compiling strum_macros v0.24.3
   Compiling lexical-core v1.0.5
   Compiling aws-smithy-json v0.61.2
   Compiling cynic v3.10.0
   Compiling async-graphql v7.0.1 (https://github.com/link-u-web3/async-graphql?branch=v7.0.1-react-18-graphiql-4#7be93519)
   Compiling datatest-stable v0.1.3 (https://github.com/nextest-rs/datatest-stable.git?rev=72db7f6d1bbe36a5407e96b9488a581f763e106f#72db7f6d)
   Compiling flatbuffers v24.12.23
   Compiling futures-locks v0.7.1
   Compiling atoi v2.0.0
   Compiling regex-lite v0.1.6
   Compiling arrow-cast v54.2.0
   Compiling move-coverage v0.1.0 (/Users/changzechuan/WenchuanProjects/SuiTestProjects/sui/external-crates/move/crates/move-coverage)
   Compiling move-package-alt v0.1.0 (/Users/changzechuan/WenchuanProjects/SuiTestProjects/sui/external-crates/move/crates/move-package-alt)
   Compiling ethers-providers v2.0.14
   Compiling ethers-contract-abigen v2.0.14
   Compiling ethers-etherscan v2.0.14
   Compiling move-disassembler v0.1.0 (/Users/changzechuan/WenchuanProjects/SuiTestProjects/sui/external-crates/move/crates/move-disassembler)
   Compiling aws-runtime v1.5.5
   Compiling rtd-package-resolver v0.1.0 (/Users/changzechuan/WenchuanProjects/SuiTestProjects/sui/crates/rtd-package-resolver)
   Compiling rtd-keys v0.0.0 (/Users/changzechuan/WenchuanProjects/SuiTestProjects/sui/crates/rtd-keys)
   Compiling rtd-json v0.0.0 (/Users/changzechuan/WenchuanProjects/SuiTestProjects/sui/crates/rtd-json)
   Compiling move-model-2 v0.1.0 (/Users/changzechuan/WenchuanProjects/SuiTestProjects/sui/external-crates/move/crates/move-model-2)
   Compiling rtd-verifier-latest v0.1.0 (/Users/changzechuan/WenchuanProjects/SuiTestProjects/sui/rtd-execution/latest/rtd-verifier)
   Compiling rtd-name-service v1.63.0 (/Users/changzechuan/WenchuanProjects/SuiTestProjects/sui/crates/rtd-name-service)
   Compiling rtd-move-natives-latest v0.1.0 (/Users/changzechuan/WenchuanProjects/SuiTestProjects/sui/rtd-execution/latest/rtd-move-natives)
   Compiling rtd-framework v0.1.0 (/Users/changzechuan/WenchuanProjects/SuiTestProjects/sui/crates/rtd-framework)
   Compiling rtd-json-rpc-types v0.0.0 (/Users/changzechuan/WenchuanProjects/SuiTestProjects/sui/crates/rtd-json-rpc-types)
   Compiling rtd-verifier-v2 v0.1.0 (/Users/changzechuan/WenchuanProjects/SuiTestProjects/sui/rtd-execution/v2/rtd-verifier)
   Compiling rtd-verifier-v0 v0.1.0 (/Users/changzechuan/WenchuanProjects/SuiTestProjects/sui/rtd-execution/v0/rtd-verifier)
   Compiling rtd-move-natives-v1 v0.1.0 (/Users/changzechuan/WenchuanProjects/SuiTestProjects/sui/rtd-execution/v1/rtd-move-natives)
   Compiling rtd-move-natives-v0 v0.1.0 (/Users/changzechuan/WenchuanProjects/SuiTestProjects/sui/rtd-execution/v0/rtd-move-natives)
   Compiling rtd-config v0.0.0 (/Users/changzechuan/WenchuanProjects/SuiTestProjects/sui/crates/rtd-config)
   Compiling move-docgen v0.1.0 (/Users/changzechuan/WenchuanProjects/SuiTestProjects/sui/external-crates/move/crates/move-docgen)
   Compiling rtd-move-natives-v2 v0.1.0 (/Users/changzechuan/WenchuanProjects/SuiTestProjects/sui/rtd-execution/v2/rtd-move-natives)
   Compiling rtd-verifier-v1 v0.1.0 (/Users/changzechuan/WenchuanProjects/SuiTestProjects/sui/rtd-execution/v1/rtd-verifier)
   Compiling rtd-adapter-latest v0.1.0 (/Users/changzechuan/WenchuanProjects/SuiTestProjects/sui/rtd-execution/latest/rtd-adapter)
   Compiling move-package-alt-compilation v0.1.0 (/Users/changzechuan/WenchuanProjects/SuiTestProjects/sui/external-crates/move/crates/move-package-alt-compilation)
   Compiling rtd-adapter-v0 v0.1.0 (/Users/changzechuan/WenchuanProjects/SuiTestProjects/sui/rtd-execution/v0/rtd-adapter)
   Compiling rtd-adapter-v2 v0.1.0 (/Users/changzechuan/WenchuanProjects/SuiTestProjects/sui/rtd-execution/v2/rtd-adapter)
   Compiling rtd-adapter-v1 v0.1.0 (/Users/changzechuan/WenchuanProjects/SuiTestProjects/sui/rtd-execution/v1/rtd-adapter)
   Compiling rtd-framework-snapshot v1.63.0 (/Users/changzechuan/WenchuanProjects/SuiTestProjects/sui/crates/rtd-framework-snapshot)
   Compiling rtd-authority-aggregation v0.1.0 (/Users/changzechuan/WenchuanProjects/SuiTestProjects/sui/crates/rtd-authority-aggregation)
   Compiling rtd-metrics-push-client v0.1.0 (/Users/changzechuan/WenchuanProjects/SuiTestProjects/sui/crates/rtd-metrics-push-client)
   Compiling move-model v0.1.0 (/Users/changzechuan/WenchuanProjects/SuiTestProjects/sui/external-crates/move/crates/move-model)
   Compiling move-stdlib v0.1.1 (/Users/changzechuan/WenchuanProjects/SuiTestProjects/sui/external-crates/move/crates/move-stdlib)
   Compiling move-bytecode-viewer v0.1.0 (/Users/changzechuan/WenchuanProjects/SuiTestProjects/sui/external-crates/move/crates/move-bytecode-viewer)
   Compiling async-graphql-axum v7.0.1 (https://github.com/link-u-web3/async-graphql?branch=v7.0.1-react-18-graphiql-4#7be93519)
   Compiling rtd-graphql-rpc-client v0.1.0 (/Users/changzechuan/WenchuanProjects/SuiTestProjects/sui/crates/rtd-graphql-rpc-client)
   Compiling ethers-contract-derive v2.0.14
   Compiling ethers-signers v2.0.14
   Compiling ethers-addressbook v2.0.14
   Compiling pulldown-cmark v0.12.2
   Compiling cargo_metadata v0.15.4
   Compiling tikv-jemalloc-ctl v0.5.4
   Compiling move-ir-compiler v0.1.0 (/Users/changzechuan/WenchuanProjects/SuiTestProjects/sui/external-crates/move/crates/move-ir-compiler)
   Compiling diesel_migrations v2.2.0
   Compiling diesel-async v0.5.0
   Compiling move-stackless-bytecode v0.1.0 (/Users/changzechuan/WenchuanProjects/SuiTestProjects/sui/external-crates/move/crates/move-stackless-bytecode)
   Compiling move-unit-test v0.1.0 (/Users/changzechuan/WenchuanProjects/SuiTestProjects/sui/external-crates/move/crates/move-unit-test)
   Compiling rtd-json-rpc-api v0.0.0 (/Users/changzechuan/WenchuanProjects/SuiTestProjects/sui/crates/rtd-json-rpc-api)
   Compiling rtd-transaction-builder v0.0.0 (/Users/changzechuan/WenchuanProjects/SuiTestProjects/sui/crates/rtd-transaction-builder)
   Compiling rtd-display v1.63.0 (/Users/changzechuan/WenchuanProjects/SuiTestProjects/sui/crates/rtd-display)
   Compiling rtd-indexer-alt-schema v1.63.0 (/Users/changzechuan/WenchuanProjects/SuiTestProjects/sui/crates/rtd-indexer-alt-schema)
   Compiling rtd-execution v0.1.0 (/Users/changzechuan/WenchuanProjects/SuiTestProjects/sui/rtd-execution)
   Compiling rtd-pg-db v1.63.0 (/Users/changzechuan/WenchuanProjects/SuiTestProjects/sui/crates/rtd-pg-db)
   Compiling ethers-contract v2.0.14
   Compiling move-stackless-bytecode-2 v0.1.0 (/Users/changzechuan/WenchuanProjects/SuiTestProjects/sui/external-crates/move/crates/move-stackless-bytecode-2)
   Compiling nom v8.0.0
   Compiling rtd-genesis-builder v0.0.0 (/Users/changzechuan/WenchuanProjects/SuiTestProjects/sui/crates/rtd-genesis-builder)
   Compiling rtd-transaction-checks v0.1.0 (/Users/changzechuan/WenchuanProjects/SuiTestProjects/sui/crates/rtd-transaction-checks)
   Compiling move-decompiler v0.1.0 (/Users/changzechuan/WenchuanProjects/SuiTestProjects/sui/external-crates/move/crates/move-decompiler)
   Compiling rtd-sdk v1.63.0 (/Users/changzechuan/WenchuanProjects/SuiTestProjects/sui/crates/rtd-sdk)
   Compiling smawk v0.3.2
   Compiling unicode-linebreak v0.1.5
   Compiling is_ci v1.2.0
   Compiling rtd-swarm-config v0.0.0 (/Users/changzechuan/WenchuanProjects/SuiTestProjects/sui/crates/rtd-swarm-config)
   Compiling dissimilar v1.0.5
   Compiling textwrap v0.16.0
   Compiling move-cli v0.1.0 (/Users/changzechuan/WenchuanProjects/SuiTestProjects/sui/external-crates/move/crates/move-cli)
   Compiling expect-test v1.4.1
   Compiling rtd-indexer-alt-metrics v1.63.0 (/Users/changzechuan/WenchuanProjects/SuiTestProjects/sui/crates/rtd-indexer-alt-metrics)
   Compiling ethers-middleware v2.0.14
   Compiling iso8601 v0.6.3
   Compiling supports-color v3.0.0
   Compiling pulldown-cmark-to-cmark v17.0.0
   Compiling rtd-data-store v0.1.0 (/Users/changzechuan/WenchuanProjects/SuiTestProjects/sui/crates/rtd-data-store)
   Compiling axum-extra v0.10.1
   Compiling semver-parser v0.10.2
   Compiling rstest_macros v0.16.0
   Compiling backtrace-ext v0.2.1
   Compiling concurrent-queue v2.5.0
   Compiling supports-unicode v3.0.0
   Compiling fastrand v1.8.0
   Compiling fs_extra v1.3.0
   Compiling event-listener v2.5.3
   Compiling supports-hyperlinks v3.0.0
   Compiling waker-fn v1.1.0
   Compiling parking v2.0.0
   Compiling option-ext v0.2.0
   Compiling owo-colors v4.0.0
   Compiling async-channel v1.9.0
   Compiling dirs-sys v0.4.1
   Compiling futures-lite v1.12.0
   Compiling semver v0.11.0
   Compiling arrow-ipc v54.2.0
   Compiling prost-build v0.13.3
   Compiling test-fuzz-internal v3.0.5
   Compiling copy_dir v0.1.3
   Compiling pkcs1 v0.7.5
   Compiling serde_qs v0.8.5
   Compiling infer v0.2.3
   Compiling xmlparser v0.13.5
   Compiling retain_mut v0.1.9
   Compiling deadpool-runtime v0.1.4
   Compiling deadpool v0.9.5
   Compiling tonic-build v0.12.3
   Compiling miette v7.2.0
   Compiling http-types v2.12.0
   Compiling move-transactional-test-runner v0.1.0 (/Users/changzechuan/WenchuanProjects/SuiTestProjects/sui/external-crates/move/crates/move-transactional-test-runner)
   Compiling aws-smithy-xml v0.60.9
   Compiling rsa v0.9.1
   Compiling libquickjs-sys v0.9.0
   Compiling toolchain_find v0.2.0
   Compiling dirs v5.0.1
   Compiling arrow-json v54.2.0
   Compiling arrow-csv v54.2.0
   Compiling rtd-package-dump v1.63.0 (/Users/changzechuan/WenchuanProjects/SuiTestProjects/sui/crates/rtd-package-dump)
   Compiling arrow-ord v54.2.0
   Compiling arrow-string v54.2.0
   Compiling arrow-row v54.2.0
   Compiling arrow-arith v54.2.0
   Compiling aws-smithy-query v0.60.7
   Compiling reqwest-middleware v0.4.0
   Compiling debugid v0.8.0
   Compiling xattr v1.2.0
   Compiling sha-1 v0.10.1
   Compiling assert-json-diff v2.0.2
   Compiling retry-policies v0.4.0
   Compiling findshlibs v0.10.2
   Compiling equator-macro v0.2.1
   Compiling async-recursion v1.0.4
   Compiling unzip-n v0.1.2
   Compiling errno v0.2.8
   Compiling memmap2 v0.5.8
   Compiling subprocess v0.2.9
   Compiling rustix v0.36.6
   Compiling symbolic-common v12.1.1
   Compiling wiremock v0.5.22
   Compiling test-fuzz-runtime v3.0.5
   Compiling reqwest-retry v0.7.0
   Compiling equator v0.2.2
   Compiling ethers v2.0.14
   Compiling tar v0.4.40
   Compiling rstest v0.16.0
   Compiling arrow v54.2.0
   Compiling aws-sdk-sts v1.60.0
   Compiling test-fuzz-macro v3.0.5
   Compiling gcp-bigquery-client v0.25.0
   Compiling snowflake-jwt v0.3.0
   Compiling shellexpand v3.1.0
   Compiling cpp_demangle v0.4.0
   Compiling aws-sdk-sso v1.59.0
   Compiling aws-sdk-ssooidc v1.60.0
   Compiling ureq v2.9.1
   Compiling petgraph v0.6.5
   Compiling brotli-decompressor v4.0.1
   Compiling env_filter v0.1.0
   Compiling crossbeam-queue v0.3.11
   Compiling ordered-float v2.10.1
   Compiling strum v0.24.1
   Compiling seahash v4.1.0
   Compiling comfy-table v6.1.4
   Compiling yup-oauth2 v11.0.0
   Compiling test-fuzz v3.0.5
   Compiling thrift v0.17.0
   Compiling aws-config v1.5.16
   Compiling prost-build v0.14.1
   Compiling crossbeam v0.8.4
   Compiling symbolic-demangle v12.1.1
   Compiling brotli v7.0.0
   Compiling env_logger v0.11.5
   Compiling snowflake-api v0.11.0
   Compiling fd-lock v3.0.8
   Compiling aligned-vec v0.6.1
   Compiling rust_decimal v1.27.0
   Compiling doc-comment v0.3.3
   Compiling prost-reflect v0.16.2
   Compiling protox-parse v0.9.0
   Compiling rtd-faucet v1.63.0 (/Users/changzechuan/WenchuanProjects/SuiTestProjects/sui/crates/rtd-faucet)
   Compiling tonic-build v0.14.2
   Compiling lz4_flex v0.11.2
   Compiling anemo-benchmark v0.0.0 (/Users/changzechuan/WenchuanProjects/SuiTestProjects/sui/crates/anemo-benchmark)
   Compiling rtd-proxy v0.0.2 (/Users/changzechuan/WenchuanProjects/SuiTestProjects/sui/crates/rtd-proxy)
   Compiling nix v0.23.2
   Compiling insta-cmd v0.6.0
   Compiling passkey-authenticator v0.4.0
   Compiling newline-converter v0.2.2
   Compiling cron v0.12.1
   Compiling bstr v1.10.0
   Compiling enum-as-inner v0.6.0
   Compiling nix v0.26.4
   Compiling lsp-server v0.7.6
   Compiling num-derive v0.3.3
   Compiling fixedbitset v0.2.0
   Compiling simdutf8 v0.1.5
   Compiling unsafe-libyaml v0.2.11
   Compiling public-suffix v0.1.1
   Compiling json_comments v0.2.2
   Compiling passkey-client v0.4.0
   Compiling move-analyzer v1.0.0 (/Users/changzechuan/WenchuanProjects/SuiTestProjects/sui/external-crates/move/crates/move-analyzer)
   Compiling assert_cmd v2.0.7
   Compiling petgraph v0.5.1
   Compiling pprof v0.14.0
   Compiling prometheus-http-query v0.8.3
   Compiling tokio-cron-scheduler v0.10.0
   Compiling inquire v0.6.2
   Compiling serde_yaml v0.9.21
   Compiling parquet v54.2.0
   Compiling tonic-prost-build v0.14.2
   Compiling rtd-package-management v1.63.0 (/Users/changzechuan/WenchuanProjects/SuiTestProjects/sui/crates/rtd-package-management)
   Compiling rustyline v9.1.2
   Compiling duration-str v0.5.0
   Compiling bigdecimal v0.4.5
   Compiling aws-sdk-kms v1.60.0
   Compiling aws-sdk-dynamodb v1.65.0
   Compiling bb8-postgres v0.8.1
   Compiling rtd-indexer-alt-object-store v1.63.0 (/Users/changzechuan/WenchuanProjects/SuiTestProjects/sui/crates/rtd-indexer-alt-object-store)
   Compiling anemo-cli v0.0.0 (https://github.com/link-u-web3/anemo.git?rev=4b5f0f1d06a31c8ef78ec2e5b446bc633e4e2f77#4b5f0f1d)
   Compiling ron v0.8.0
   Compiling uint v0.10.0
   Compiling jsonpath_lib v0.3.0
   Compiling rtd-analytics-indexer-derive v1.63.0 (/Users/changzechuan/WenchuanProjects/SuiTestProjects/sui/crates/rtd-analytics-indexer-derive)
   Compiling rustyline-derive v0.7.0
   Compiling dotenvy v0.15.7
   Compiling shell-words v1.1.0
   Compiling more-asserts v0.3.1
   Compiling rtd-metric-checker v1.63.0 (/Users/changzechuan/WenchuanProjects/SuiTestProjects/sui/crates/rtd-metric-checker)
   Compiling rtd-rpc-benchmark v1.63.0 (/Users/changzechuan/WenchuanProjects/SuiTestProjects/sui/crates/rtd-rpc-benchmark)
   Compiling rtd-package-alt v1.63.0 (/Users/changzechuan/WenchuanProjects/SuiTestProjects/sui/crates/rtd-package-alt)
   Compiling rtd-rpc-resolver v1.63.0 (/Users/changzechuan/WenchuanProjects/SuiTestProjects/sui/crates/rtd-rpc-resolver)
   Compiling rtd-move-build v1.63.0 (/Users/changzechuan/WenchuanProjects/SuiTestProjects/sui/crates/rtd-move-build)
   Compiling rtd-simulator v0.7.0 (/Users/changzechuan/WenchuanProjects/SuiTestProjects/sui/crates/rtd-simulator)
   Compiling rtd-test-transaction-builder v0.1.0 (/Users/changzechuan/WenchuanProjects/SuiTestProjects/sui/crates/rtd-test-transaction-builder)
   Compiling rtd-move v1.63.0 (/Users/changzechuan/WenchuanProjects/SuiTestProjects/sui/crates/rtd-move)
   Compiling rtd-source-validation v1.63.0 (/Users/changzechuan/WenchuanProjects/SuiTestProjects/sui/crates/rtd-source-validation)
   Compiling rtd-security-watchdog v1.63.0 (/Users/changzechuan/WenchuanProjects/SuiTestProjects/sui/crates/rtd-security-watchdog)
   Compiling rtd-replay-2 v0.1.0 (/Users/changzechuan/WenchuanProjects/SuiTestProjects/sui/crates/rtd-replay-2)
   Compiling telemetry-subscribers v0.2.0 (/Users/changzechuan/WenchuanProjects/SuiTestProjects/sui/crates/telemetry-subscribers)
   Compiling typed-store-workspace-hack v0.0.0 (/Users/changzechuan/WenchuanProjects/SuiTestProjects/sui/crates/typed-store-workspace-hack)
   Compiling rtd-open-rpc-macros v0.1.0 (/Users/changzechuan/WenchuanProjects/SuiTestProjects/sui/crates/rtd-open-rpc-macros)
   Compiling bin-version v1.63.0 (/Users/changzechuan/WenchuanProjects/SuiTestProjects/sui/crates/bin-version)
   Compiling rtd-proc-macros v0.7.0 (/Users/changzechuan/WenchuanProjects/SuiTestProjects/sui/crates/rtd-proc-macros)
   Compiling linku-metrics v0.7.0 (/Users/changzechuan/WenchuanProjects/SuiTestProjects/sui/crates/linku-metrics)
   Compiling quick-js v0.4.1
   Compiling prometheus-closure-metric v0.1.0 (/Users/changzechuan/WenchuanProjects/SuiTestProjects/sui/crates/prometheus-closure-metric)
   Compiling rtd-enum-compat-util v0.1.0 (/Users/changzechuan/WenchuanProjects/SuiTestProjects/sui/crates/rtd-enum-compat-util)
   Compiling typed-store-error v0.4.0 (/Users/changzechuan/WenchuanProjects/SuiTestProjects/sui/crates/typed-store-error)
   Compiling rtd-protocol-config-macros v0.1.0 (/Users/changzechuan/WenchuanProjects/SuiTestProjects/sui/crates/rtd-protocol-config-macros)
   Compiling rocksdb v0.22.0
   Compiling typed-store v0.4.0 (/Users/changzechuan/WenchuanProjects/SuiTestProjects/sui/crates/typed-store)
   Compiling rtd-storage v0.1.0 (/Users/changzechuan/WenchuanProjects/SuiTestProjects/sui/crates/rtd-storage)
   Compiling rtd-data-ingestion-core v0.1.0 (/Users/changzechuan/WenchuanProjects/SuiTestProjects/sui/crates/rtd-data-ingestion-core)
   Compiling rtd-indexer-alt-framework v1.63.0 (/Users/changzechuan/WenchuanProjects/SuiTestProjects/sui/crates/rtd-indexer-alt-framework)
   Compiling rtd-kvstore v1.63.0 (/Users/changzechuan/WenchuanProjects/SuiTestProjects/sui/crates/rtd-kvstore)
   Compiling rtd-indexer-builder v0.1.0 (/Users/changzechuan/WenchuanProjects/SuiTestProjects/sui/crates/rtd-indexer-builder)
   Compiling rtd-indexer-alt v1.63.0 (/Users/changzechuan/WenchuanProjects/SuiTestProjects/sui/crates/rtd-indexer-alt)
   Compiling rtd-indexer-alt-consistent-store v1.63.0 (/Users/changzechuan/WenchuanProjects/SuiTestProjects/sui/crates/rtd-indexer-alt-consistent-store)
   Compiling rtd-bridge-schema v0.1.0 (/Users/changzechuan/WenchuanProjects/SuiTestProjects/sui/crates/rtd-bridge-schema)
   Compiling rtd-indexer-alt-reader v1.63.0 (/Users/changzechuan/WenchuanProjects/SuiTestProjects/sui/crates/rtd-indexer-alt-reader)
   Compiling rtd-core v0.1.0 (/Users/changzechuan/WenchuanProjects/SuiTestProjects/sui/crates/rtd-core)
   Compiling rtd-framework-tests v0.1.0 (/Users/changzechuan/WenchuanProjects/SuiTestProjects/sui/crates/rtd-framework-tests)
   Compiling rtd-kv-rpc v1.63.0 (/Users/changzechuan/WenchuanProjects/SuiTestProjects/sui/crates/rtd-kv-rpc)
   Compiling rtd-deepbook-indexer v0.1.0 (/Users/changzechuan/WenchuanProjects/SuiTestProjects/sui/crates/rtd-deepbook-indexer)
   Compiling consensus-simtests v0.1.0 (/Users/changzechuan/WenchuanProjects/SuiTestProjects/sui/consensus/simtests)
   Compiling rtd-data-ingestion v1.63.0 (/Users/changzechuan/WenchuanProjects/SuiTestProjects/sui/crates/rtd-data-ingestion)
   Compiling rtd-checkpoint-blob-indexer v1.63.0 (/Users/changzechuan/WenchuanProjects/SuiTestProjects/sui/crates/rtd-checkpoint-blob-indexer)
   Compiling rtd-oracle v1.63.0 (/Users/changzechuan/WenchuanProjects/SuiTestProjects/sui/crates/rtd-oracle)
   Compiling rtd-upgrade-compatibility-transactional-tests v0.1.0 (/Users/changzechuan/WenchuanProjects/SuiTestProjects/sui/crates/rtd-upgrade-compatibility-transactional-tests)
   Compiling rtdns-indexer v1.63.0 (/Users/changzechuan/WenchuanProjects/SuiTestProjects/sui/crates/rtdns-indexer)
   Compiling rtd-indexer-alt-graphql v1.63.0 (/Users/changzechuan/WenchuanProjects/SuiTestProjects/sui/crates/rtd-indexer-alt-graphql)
   Compiling rtd-indexer-alt-jsonrpc v1.63.0 (/Users/changzechuan/WenchuanProjects/SuiTestProjects/sui/crates/rtd-indexer-alt-jsonrpc)
   Compiling rtd-light-client v1.63.0 (/Users/changzechuan/WenchuanProjects/SuiTestProjects/sui/crates/rtd-light-client)
   Compiling rtd-snapshot v0.1.0 (/Users/changzechuan/WenchuanProjects/SuiTestProjects/sui/crates/rtd-snapshot)
   Compiling rtd-json-rpc v0.0.0 (/Users/changzechuan/WenchuanProjects/SuiTestProjects/sui/crates/rtd-json-rpc)
   Compiling simulacrum v0.1.0 (/Users/changzechuan/WenchuanProjects/SuiTestProjects/sui/crates/simulacrum)
   Compiling rtd-telemetry v0.1.0 (/Users/changzechuan/WenchuanProjects/SuiTestProjects/sui/crates/rtd-telemetry)
   Compiling rtd-replay v0.1.0 (/Users/changzechuan/WenchuanProjects/SuiTestProjects/sui/crates/rtd-replay)
   Compiling rtd-synthetic-ingestion v0.0.0 (/Users/changzechuan/WenchuanProjects/SuiTestProjects/sui/crates/rtd-synthetic-ingestion)
   Compiling rtd-node v1.63.0 (/Users/changzechuan/WenchuanProjects/SuiTestProjects/sui/crates/rtd-node)
   Compiling rtd-indexer v1.63.0 (/Users/changzechuan/WenchuanProjects/SuiTestProjects/sui/crates/rtd-indexer)
   Compiling rtd-swarm v0.0.0 (/Users/changzechuan/WenchuanProjects/SuiTestProjects/sui/crates/rtd-swarm)
   Compiling rtd-single-node-benchmark v1.63.0 (/Users/changzechuan/WenchuanProjects/SuiTestProjects/sui/crates/rtd-single-node-benchmark)
   Compiling rtd-tool v1.63.0 (/Users/changzechuan/WenchuanProjects/SuiTestProjects/sui/crates/rtd-tool)
   Compiling transaction-fuzzer v0.1.0 (/Users/changzechuan/WenchuanProjects/SuiTestProjects/sui/crates/transaction-fuzzer)
   Compiling rtd-indexer-alt-restorer v0.1.0 (/Users/changzechuan/WenchuanProjects/SuiTestProjects/sui/crates/rtd-indexer-alt-restorer)
   Compiling rtd-open-rpc v1.63.0 (/Users/changzechuan/WenchuanProjects/SuiTestProjects/sui/crates/rtd-open-rpc)
   Compiling test-cluster v0.1.0 (/Users/changzechuan/WenchuanProjects/SuiTestProjects/sui/crates/test-cluster)
   Compiling rtd-graphql-rpc v1.63.0 (/Users/changzechuan/WenchuanProjects/SuiTestProjects/sui/crates/rtd-graphql-rpc)
   Compiling rtd-bridge v1.63.0 (/Users/changzechuan/WenchuanProjects/SuiTestProjects/sui/crates/rtd-bridge)
   Compiling rtd-surfer v1.63.0 (/Users/changzechuan/WenchuanProjects/SuiTestProjects/sui/crates/rtd-surfer)
error: File does not exist: abi/rtd_bridge.json
  --> crates/rtd-bridge/src/abi.rs:82:39
   |
82 |     EthRtdBridge, EthRtdBridgeEvents, "abi/rtd_bridge.json",
   |                                       ^^^^^^^^^^^^^^^^^^^^^

   Compiling rtd-analytics-indexer v1.63.0 (/Users/changzechuan/WenchuanProjects/SuiTestProjects/sui/crates/rtd-analytics-indexer)
error[E0432]: unresolved import `crate::abi::eth_rtd_bridge`
 --> crates/rtd-bridge/src/eth_transaction_builder.rs:6:41
  |
6 |     eth_committee_upgradeable_contract, eth_rtd_bridge,
  |                                         ^^^^^^^^^^^^^^ no `eth_rtd_bridge` in `abi`

error[E0432]: unresolved import `crate::abi::EthRtdBridge`
  --> crates/rtd-bridge/src/eth_transaction_builder.rs:17:5
   |
17 |     abi::EthRtdBridge,
   |     ^^^^^^^^^^^^^^^^^ no `EthRtdBridge` in `abi`

error[E0432]: unresolved import `crate::abi::EthRtdBridgeEvents`
 --> crates/rtd-bridge/src/monitor.rs:9:44
  |
9 |     EthCommitteeUpgradeableContractEvents, EthRtdBridgeEvents,
  |                                            ^^^^^^^^^^^^^^^^^^
  |                                            |
  |                                            no `EthRtdBridgeEvents` in `abi`
  |                                            help: a similar name exists in the module: `EthBridgeEvent`
  |
  = help: consider importing this variant instead:
          crate::monitor::EthBridgeEvent::EthRtdBridgeEvents

error[E0432]: unresolved import `crate::abi::EthRtdBridge`
 --> crates/rtd-bridge/src/rtd_bridge_watchdog/eth_bridge_status.rs:6:5
  |
6 | use crate::abi::EthRtdBridge;
  |     ^^^^^^^^^^^^^^^^^^^^^^^^ no `EthRtdBridge` in `abi`

error[E0432]: unresolved import `crate::abi::EthRtdBridge`
 --> crates/rtd-bridge/src/utils.rs:5:76
  |
5 |     EthBridgeCommittee, EthBridgeConfig, EthBridgeLimiter, EthBridgeVault, EthRtdBridge,
  |                                                                            ^^^^^^^^^^^^ no `EthRtdBridge` in `abi`

error[E0432]: unresolved imports `crate::abi::EthRtdBridge`, `crate::abi::EthRtdBridgeEvents`
 --> crates/rtd-bridge/src/e2e_tests/test_utils.rs:5:64
  |
5 | use crate::abi::{EthBridgeCommittee, EthBridgeEvent, EthERC20, EthRtdBridge, EthRtdBridgeEvents};
  |                                                                ^^^^^^^^^^^^  ^^^^^^^^^^^^^^^^^^
  |                                                                |             |
  |                                                                |             no `EthRtdBridgeEvents` in `abi`
  |                                                                |             help: a similar name exists in the module: `EthBridgeEvent`
  |                                                                no `EthRtdBridge` in `abi`
  |
  = help: consider importing this variant instead:
          crate::e2e_tests::test_utils::EthBridgeEvent::EthRtdBridgeEvents

error[E0412]: cannot find type `EthRtdBridgeEvents` in this scope
  --> crates/rtd-bridge/src/abi.rs:82:19
   |
40 |         pub enum EthBridgeEvent {
   |         ----------------------- similarly named enum `EthBridgeEvent` defined here
41 |             $(
42 |                 $contract_event($contract_event),
   |                 --------------- due to this macro variable
...
82 |     EthRtdBridge, EthRtdBridgeEvents, "abi/rtd_bridge.json",
   |                   ^^^^^^^^^^^^^^^^^^
   |
help: there is an enum variant `crate::abi::EthBridgeEvent::EthRtdBridgeEvents`; try using the variant's enum
   |
42 -                 $contract_event($contract_event),
42 +                 $contract_event(crate::abi::EthBridgeEvent),
   |
help: an enum with a similar name exists
   |
82 -     EthRtdBridge, EthRtdBridgeEvents, "abi/rtd_bridge.json",
82 +     EthRtdBridge, EthBridgeEvent, "abi/rtd_bridge.json",
   |

error[E0412]: cannot find type `EthRtdBridgeEvents` in this scope
  --> crates/rtd-bridge/src/abi.rs:82:19
   |
40 |         pub enum EthBridgeEvent {
   |         ----------------------- similarly named enum `EthBridgeEvent` defined here
...
82 |     EthRtdBridge, EthRtdBridgeEvents, "abi/rtd_bridge.json",
   |                   ^^^^^^^^^^^^^^^^^^
   |
help: there is an enum variant `crate::abi::EthBridgeEvent::EthRtdBridgeEvents`; try using the variant's enum
   |
82 -     EthRtdBridge, EthRtdBridgeEvents, "abi/rtd_bridge.json",
82 +     EthRtdBridge, crate::abi::EthBridgeEvent, "abi/rtd_bridge.json",
   |
help: an enum with a similar name exists
   |
82 -     EthRtdBridge, EthRtdBridgeEvents, "abi/rtd_bridge.json",
82 +     EthRtdBridge, EthBridgeEvent, "abi/rtd_bridge.json",
   |

error[E0412]: cannot find type `EthRtdBridgeEvents` in this scope
  --> crates/rtd-bridge/src/abi.rs:82:19
   |
40 |         pub enum EthBridgeEvent {
   |         ----------------------- similarly named enum `EthBridgeEvent` defined here
41 |             $(
42 |                 $contract_event($contract_event),
   |                 --------------- due to this macro variable
...
82 |     EthRtdBridge, EthRtdBridgeEvents, "abi/rtd_bridge.json",
   |                   ^^^^^^^^^^^^^^^^^^
   |
help: there is an enum variant `crate::abi::EthBridgeEvent::EthRtdBridgeEvents`; try using the variant's enum
   |
42 -                 $contract_event($contract_event),
42 +                 $contract_event(crate::abi::EthBridgeEvent),
   |
help: an enum with a similar name exists
   |
82 -     EthRtdBridge, EthRtdBridgeEvents, "abi/rtd_bridge.json",
82 +     EthRtdBridge, EthBridgeEvent, "abi/rtd_bridge.json",
   |
help: you might be missing a type parameter
   |
40 |         pub enum EthBridgeEvent<EthRtdBridgeEvents> {
   |                                ++++++++++++++++++++

error[E0412]: cannot find type `TokensDepositedFilter` in this scope
   --> crates/rtd-bridge/src/abi.rs:190:15
    |
190 | impl TryFrom<&TokensDepositedFilter> for EthToRtdTokenBridgeV1 {
    |               ^^^^^^^^^^^^^^^^^^^^^ not found in this scope
    |
help: you might be missing a type parameter
    |
190 | impl<TokensDepositedFilter> TryFrom<&TokensDepositedFilter> for EthToRtdTokenBridgeV1 {
    |     +++++++++++++++++++++++

error[E0412]: cannot find type `TokensDepositedFilter` in this scope
   --> crates/rtd-bridge/src/abi.rs:192:25
    |
192 |     fn try_from(event: &TokensDepositedFilter) -> BridgeResult<Self> {
    |                         ^^^^^^^^^^^^^^^^^^^^^ not found in this scope

error[E0433]: failed to resolve: use of undeclared type `EthRtdBridgeEvents`
  --> crates/rtd-bridge/src/abi.rs:82:19
   |
82 |     EthRtdBridge, EthRtdBridgeEvents, "abi/rtd_bridge.json",
   |                   ^^^^^^^^^^^^^^^^^^ use of undeclared type `EthRtdBridgeEvents`
   |
help: there is an enum variant `crate::abi::EthBridgeEvent::EthRtdBridgeEvents`; try using the variant's enum
   |
82 -     EthRtdBridge, EthRtdBridgeEvents, "abi/rtd_bridge.json",
82 +     EthRtdBridge, crate::abi::EthBridgeEvent, "abi/rtd_bridge.json",
   |
help: an enum with a similar name exists
   |
82 -     EthRtdBridge, EthRtdBridgeEvents, "abi/rtd_bridge.json",
82 +     EthRtdBridge, EthBridgeEvent, "abi/rtd_bridge.json",
   |

   Compiling rtd-benchmark v0.0.0 (/Users/changzechuan/WenchuanProjects/SuiTestProjects/sui/crates/rtd-benchmark)
   Compiling rtd-rosetta v1.63.0 (/Users/changzechuan/WenchuanProjects/SuiTestProjects/sui/crates/rtd-rosetta)
error[E0433]: failed to resolve: use of unresolved module or unlinked crate `eth_rtd_bridge`
   --> crates/rtd-bridge/src/abi.rs:259:12
    |
259 |         Ok(eth_rtd_bridge::Message {
    |            ^^^^^^^^^^^^^^ use of unresolved module or unlinked crate `eth_rtd_bridge`
    |
    = help: if you wanted to use a crate named `eth_rtd_bridge`, use `cargo add eth_rtd_bridge` to add it to your `Cargo.toml`

error[E0433]: failed to resolve: use of undeclared type `EthRtdBridgeEvents`
   --> crates/rtd-bridge/src/abi.rs:106:21
    |
106 |                     EthRtdBridgeEvents::TokensDepositedFilter(event) => {
    |                     ^^^^^^^^^^^^^^^^^^ use of undeclared type `EthRtdBridgeEvents`
    |
help: there is an enum variant `crate::abi::EthBridgeEvent::EthRtdBridgeEvents`; try using the variant's enum
    |
106 -                     EthRtdBridgeEvents::TokensDepositedFilter(event) => {
106 +                     crate::abi::EthBridgeEvent::TokensDepositedFilter(event) => {
    |
help: an enum with a similar name exists
    |
106 -                     EthRtdBridgeEvents::TokensDepositedFilter(event) => {
106 +                     EthBridgeEvent::TokensDepositedFilter(event) => {
    |

error[E0433]: failed to resolve: use of undeclared type `EthRtdBridgeEvents`
   --> crates/rtd-bridge/src/abi.rs:135:21
    |
135 |                     EthRtdBridgeEvents::TokensClaimedFilter(_event) => None,
    |                     ^^^^^^^^^^^^^^^^^^ use of undeclared type `EthRtdBridgeEvents`
    |
help: there is an enum variant `crate::abi::EthBridgeEvent::EthRtdBridgeEvents`; try using the variant's enum
    |
135 -                     EthRtdBridgeEvents::TokensClaimedFilter(_event) => None,
135 +                     crate::abi::EthBridgeEvent::TokensClaimedFilter(_event) => None,
    |
help: an enum with a similar name exists
    |
135 -                     EthRtdBridgeEvents::TokensClaimedFilter(_event) => None,
135 +                     EthBridgeEvent::TokensClaimedFilter(_event) => None,
    |

error[E0433]: failed to resolve: use of undeclared type `EthRtdBridgeEvents`
   --> crates/rtd-bridge/src/abi.rs:136:21
    |
136 |                     EthRtdBridgeEvents::PausedFilter(_event) => None,
    |                     ^^^^^^^^^^^^^^^^^^ use of undeclared type `EthRtdBridgeEvents`
    |
help: there is an enum variant `crate::abi::EthBridgeEvent::EthRtdBridgeEvents`; try using the variant's enum
    |
136 -                     EthRtdBridgeEvents::PausedFilter(_event) => None,
136 +                     crate::abi::EthBridgeEvent::PausedFilter(_event) => None,
    |
help: an enum with a similar name exists
    |
136 -                     EthRtdBridgeEvents::PausedFilter(_event) => None,
136 +                     EthBridgeEvent::PausedFilter(_event) => None,
    |

error[E0433]: failed to resolve: use of undeclared type `EthRtdBridgeEvents`
   --> crates/rtd-bridge/src/abi.rs:137:21
    |
137 |                     EthRtdBridgeEvents::UnpausedFilter(_event) => None,
    |                     ^^^^^^^^^^^^^^^^^^ use of undeclared type `EthRtdBridgeEvents`
    |
help: there is an enum variant `crate::abi::EthBridgeEvent::EthRtdBridgeEvents`; try using the variant's enum
    |
137 -                     EthRtdBridgeEvents::UnpausedFilter(_event) => None,
137 +                     crate::abi::EthBridgeEvent::UnpausedFilter(_event) => None,
    |
help: an enum with a similar name exists
    |
137 -                     EthRtdBridgeEvents::UnpausedFilter(_event) => None,
137 +                     EthBridgeEvent::UnpausedFilter(_event) => None,
    |

error[E0433]: failed to resolve: use of undeclared type `EthRtdBridgeEvents`
   --> crates/rtd-bridge/src/abi.rs:138:21
    |
138 |                     EthRtdBridgeEvents::UpgradedFilter(_event) => None,
    |                     ^^^^^^^^^^^^^^^^^^ use of undeclared type `EthRtdBridgeEvents`
    |
help: there is an enum variant `crate::abi::EthBridgeEvent::EthRtdBridgeEvents`; try using the variant's enum
    |
138 -                     EthRtdBridgeEvents::UpgradedFilter(_event) => None,
138 +                     crate::abi::EthBridgeEvent::UpgradedFilter(_event) => None,
    |
help: an enum with a similar name exists
    |
138 -                     EthRtdBridgeEvents::UpgradedFilter(_event) => None,
138 +                     EthBridgeEvent::UpgradedFilter(_event) => None,
    |

error[E0433]: failed to resolve: use of undeclared type `EthRtdBridgeEvents`
   --> crates/rtd-bridge/src/abi.rs:139:21
    |
139 |                     EthRtdBridgeEvents::InitializedFilter(_event) => None,
    |                     ^^^^^^^^^^^^^^^^^^ use of undeclared type `EthRtdBridgeEvents`
    |
help: there is an enum variant `crate::abi::EthBridgeEvent::EthRtdBridgeEvents`; try using the variant's enum
    |
139 -                     EthRtdBridgeEvents::InitializedFilter(_event) => None,
139 +                     crate::abi::EthBridgeEvent::InitializedFilter(_event) => None,
    |
help: an enum with a similar name exists
    |
139 -                     EthRtdBridgeEvents::InitializedFilter(_event) => None,
139 +                     EthBridgeEvent::InitializedFilter(_event) => None,
    |

error[E0433]: failed to resolve: use of undeclared type `EthRtdBridgeEvents`
   --> crates/rtd-bridge/src/abi.rs:140:21
    |
140 |                     EthRtdBridgeEvents::ContractUpgradedFilter(_event) => None,
    |                     ^^^^^^^^^^^^^^^^^^ use of undeclared type `EthRtdBridgeEvents`
    |
help: there is an enum variant `crate::abi::EthBridgeEvent::EthRtdBridgeEvents`; try using the variant's enum
    |
140 -                     EthRtdBridgeEvents::ContractUpgradedFilter(_event) => None,
140 +                     crate::abi::EthBridgeEvent::ContractUpgradedFilter(_event) => None,
    |
help: an enum with a similar name exists
    |
140 -                     EthRtdBridgeEvents::ContractUpgradedFilter(_event) => None,
140 +                     EthBridgeEvent::ContractUpgradedFilter(_event) => None,
    |

error[E0433]: failed to resolve: use of undeclared type `EthRtdBridgeEvents`
   --> crates/rtd-bridge/src/abi.rs:141:21
    |
141 |                     EthRtdBridgeEvents::EmergencyOperationFilter(_event) => None,
    |                     ^^^^^^^^^^^^^^^^^^ use of undeclared type `EthRtdBridgeEvents`
    |
help: there is an enum variant `crate::abi::EthBridgeEvent::EthRtdBridgeEvents`; try using the variant's enum
    |
141 -                     EthRtdBridgeEvents::EmergencyOperationFilter(_event) => None,
141 +                     crate::abi::EthBridgeEvent::EmergencyOperationFilter(_event) => None,
    |
help: an enum with a similar name exists
    |
141 -                     EthRtdBridgeEvents::EmergencyOperationFilter(_event) => None,
141 +                     EthBridgeEvent::EmergencyOperationFilter(_event) => None,
    |

error[E0433]: failed to resolve: use of unresolved module or unlinked crate `eth_rtd_bridge`
   --> crates/rtd-bridge/src/abi.rs:209:40
    |
209 | impl TryFrom<RtdToEthBridgeAction> for eth_rtd_bridge::Message {
    |                                        ^^^^^^^^^^^^^^ use of unresolved module or unlinked crate `eth_rtd_bridge`
    |
    = help: if you wanted to use a crate named `eth_rtd_bridge`, use `cargo add eth_rtd_bridge` to add it to your `Cargo.toml`

error[E0433]: failed to resolve: use of unresolved module or unlinked crate `eth_rtd_bridge`
   --> crates/rtd-bridge/src/abi.rs:213:12
    |
213 |         Ok(eth_rtd_bridge::Message {
    |            ^^^^^^^^^^^^^^ use of unresolved module or unlinked crate `eth_rtd_bridge`
    |
    = help: if you wanted to use a crate named `eth_rtd_bridge`, use `cargo add eth_rtd_bridge` to add it to your `Cargo.toml`

error[E0433]: failed to resolve: use of unresolved module or unlinked crate `eth_rtd_bridge`
   --> crates/rtd-bridge/src/abi.rs:226:41
    |
226 | impl TryFrom<RtdToEthTokenTransfer> for eth_rtd_bridge::Message {
    |                                         ^^^^^^^^^^^^^^ use of unresolved module or unlinked crate `eth_rtd_bridge`
    |
    = help: if you wanted to use a crate named `eth_rtd_bridge`, use `cargo add eth_rtd_bridge` to add it to your `Cargo.toml`

error[E0433]: failed to resolve: use of unresolved module or unlinked crate `eth_rtd_bridge`
   --> crates/rtd-bridge/src/abi.rs:230:12
    |
230 |         Ok(eth_rtd_bridge::Message {
    |            ^^^^^^^^^^^^^^ use of unresolved module or unlinked crate `eth_rtd_bridge`
    |
    = help: if you wanted to use a crate named `eth_rtd_bridge`, use `cargo add eth_rtd_bridge` to add it to your `Cargo.toml`

error[E0433]: failed to resolve: use of unresolved module or unlinked crate `eth_rtd_bridge`
   --> crates/rtd-bridge/src/abi.rs:243:43
    |
243 | impl From<ParsedTokenTransferMessage> for eth_rtd_bridge::Message {
    |                                           ^^^^^^^^^^^^^^ use of unresolved module or unlinked crate `eth_rtd_bridge`
    |
    = help: if you wanted to use a crate named `eth_rtd_bridge`, use `cargo add eth_rtd_bridge` to add it to your `Cargo.toml`

error[E0433]: failed to resolve: use of unresolved module or unlinked crate `eth_rtd_bridge`
   --> crates/rtd-bridge/src/abi.rs:245:9
    |
245 |         eth_rtd_bridge::Message {
    |         ^^^^^^^^^^^^^^ use of unresolved module or unlinked crate `eth_rtd_bridge`
    |
    = help: if you wanted to use a crate named `eth_rtd_bridge`, use `cargo add eth_rtd_bridge` to add it to your `Cargo.toml`

error[E0433]: failed to resolve: use of unresolved module or unlinked crate `eth_rtd_bridge`
   --> crates/rtd-bridge/src/abi.rs:255:35
    |
255 | impl TryFrom<EmergencyAction> for eth_rtd_bridge::Message {
    |                                   ^^^^^^^^^^^^^^ use of unresolved module or unlinked crate `eth_rtd_bridge`
    |
    = help: if you wanted to use a crate named `eth_rtd_bridge`, use `cargo add eth_rtd_bridge` to add it to your `Cargo.toml`

Some errors have detailed explanations: E0412, E0432, E0433.
For more information about an error, try `rustc --explain E0412`.
error: could not compile `rtd-bridge` (lib) due to 29 previous errors
warning: build failed, waiting for other jobs to finish...
error[E0432]: unresolved import `crate::abi::EthRtdBridgeEvents`
  --> crates/rtd-bridge/src/monitor.rs:9:44
   |
 9 |     EthCommitteeUpgradeableContractEvents, EthRtdBridgeEvents,
   |                                            ^^^^^^^^^^^^^^^^^^
   |                                            |
   |                                            no `EthRtdBridgeEvents` in `abi`
   |                                            help: a similar name exists in the module: `EthBridgeEvent`
   |
note: variant `crate::orchestrator::tests::EthBridgeEvent::EthRtdBridgeEvents` exists but is inaccessible
  --> crates/rtd-bridge/src/abi.rs:42:17
   |
42 |                   $contract_event($contract_event),
   |                   ^^^^^^^^^^^^^^^^^^^^^^^^^^^^^^^^ not accessible
...
81 | / gen_eth_events!(
82 | |     EthRtdBridge, EthRtdBridgeEvents, "abi/rtd_bridge.json",
83 | |     EthBridgeCommittee, EthBridgeCommitteeEvents, "abi/bridge_committee.json",
84 | |     EthBridgeLimiter, EthBridgeLimiterEvents, "abi/bridge_limiter.json",
85 | |     EthBridgeConfig, EthBridgeConfigEvents, "abi/bridge_config.json",
86 | |     EthCommitteeUpgradeableContract, EthCommitteeUpgradeableContractEvents, "abi/bridge_committee_upgradeable.json"
87 | | );
   | |_- in this macro invocation
   = note: this error originates in the macro `gen_eth_events` (in Nightly builds, run with -Z macro-backtrace for more info)

error[E0432]: unresolved imports `crate::abi::EthRtdBridge`, `crate::abi::eth_rtd_bridge`
 --> crates/rtd-bridge/src/e2e_tests/basic.rs:4:18
  |
4 | use crate::abi::{EthRtdBridge, eth_rtd_bridge};
  |                  ^^^^^^^^^^^^  ^^^^^^^^^^^^^^ no `eth_rtd_bridge` in `abi`
  |                  |
  |                  no `EthRtdBridge` in `abi`

error[E0432]: unresolved imports `crate::abi::EthRtdBridge`, `crate::abi::EthRtdBridgeEvents`
 --> crates/rtd-bridge/src/e2e_tests/test_utils.rs:5:64
  |
5 | use crate::abi::{EthBridgeCommittee, EthBridgeEvent, EthERC20, EthRtdBridge, EthRtdBridgeEvents};
  |                                                                ^^^^^^^^^^^^  ^^^^^^^^^^^^^^^^^^
  |                                                                |             |
  |                                                                |             no `EthRtdBridgeEvents` in `abi`
  |                                                                |             help: a similar name exists in the module: `EthBridgeEvent`
  |                                                                no `EthRtdBridge` in `abi`
  |
  = help: consider importing this variant instead:
          crate::e2e_tests::test_utils::EthBridgeEvent::EthRtdBridgeEvents
  = note: unresolved item `crate::monitor::tests::EthRtdBridgeEvents` exists but is inaccessible

error[E0412]: cannot find type `EthRtdBridgeEvents` in this scope
  --> crates/rtd-bridge/src/abi.rs:82:19
   |
40 |         pub enum EthBridgeEvent {
   |         ----------------------- similarly named enum `EthBridgeEvent` defined here
41 |             $(
42 |                 $contract_event($contract_event),
   |                 --------------- due to this macro variable
...
82 |     EthRtdBridge, EthRtdBridgeEvents, "abi/rtd_bridge.json",
   |                   ^^^^^^^^^^^^^^^^^^
   |
help: there is an enum variant `crate::orchestrator::tests::EthBridgeEvent::EthRtdBridgeEvents`; try using the variant's enum
   |
42 -                 $contract_event($contract_event),
42 +                 $contract_event(crate::orchestrator::tests::EthBridgeEvent),
   |
help: an enum with a similar name exists
   |
82 -     EthRtdBridge, EthRtdBridgeEvents, "abi/rtd_bridge.json",
82 +     EthRtdBridge, EthBridgeEvent, "abi/rtd_bridge.json",
   |

error[E0412]: cannot find type `EthRtdBridgeEvents` in this scope
  --> crates/rtd-bridge/src/abi.rs:82:19
   |
40 |         pub enum EthBridgeEvent {
   |         ----------------------- similarly named enum `EthBridgeEvent` defined here
...
82 |     EthRtdBridge, EthRtdBridgeEvents, "abi/rtd_bridge.json",
   |                   ^^^^^^^^^^^^^^^^^^
   |
help: there is an enum variant `crate::orchestrator::tests::EthBridgeEvent::EthRtdBridgeEvents`; try using the variant's enum
   |
82 -     EthRtdBridge, EthRtdBridgeEvents, "abi/rtd_bridge.json",
82 +     EthRtdBridge, crate::orchestrator::tests::EthBridgeEvent, "abi/rtd_bridge.json",
   |
help: an enum with a similar name exists
   |
82 -     EthRtdBridge, EthRtdBridgeEvents, "abi/rtd_bridge.json",
82 +     EthRtdBridge, EthBridgeEvent, "abi/rtd_bridge.json",
   |

error[E0412]: cannot find type `EthRtdBridgeEvents` in this scope
  --> crates/rtd-bridge/src/abi.rs:82:19
   |
40 |         pub enum EthBridgeEvent {
   |         ----------------------- similarly named enum `EthBridgeEvent` defined here
41 |             $(
42 |                 $contract_event($contract_event),
   |                 --------------- due to this macro variable
...
82 |     EthRtdBridge, EthRtdBridgeEvents, "abi/rtd_bridge.json",
   |                   ^^^^^^^^^^^^^^^^^^
   |
help: there is an enum variant `crate::orchestrator::tests::EthBridgeEvent::EthRtdBridgeEvents`; try using the variant's enum
   |
42 -                 $contract_event($contract_event),
42 +                 $contract_event(crate::orchestrator::tests::EthBridgeEvent),
   |
help: an enum with a similar name exists
   |
82 -     EthRtdBridge, EthRtdBridgeEvents, "abi/rtd_bridge.json",
82 +     EthRtdBridge, EthBridgeEvent, "abi/rtd_bridge.json",
   |
help: you might be missing a type parameter
   |
40 |         pub enum EthBridgeEvent<EthRtdBridgeEvents> {
   |                                ++++++++++++++++++++

error[E0422]: cannot find struct, variant or union type `TokensDepositedFilter` in this scope
   --> crates/rtd-bridge/src/abi.rs:555:17
    |
555 |                 TokensDepositedFilter {
    |                 ^^^^^^^^^^^^^^^^^^^^^ not found in this scope

error[E0422]: cannot find struct, variant or union type `TokensDepositedFilter` in this scope
   --> crates/rtd-bridge/src/abi.rs:580:13
    |
580 |             TokensDepositedFilter {
    |             ^^^^^^^^^^^^^^^^^^^^^ not found in this scope

error[E0422]: cannot find struct, variant or union type `TokensDepositedFilter` in this scope
   --> crates/rtd-bridge/src/abi.rs:599:13
    |
599 |             TokensDepositedFilter {
    |             ^^^^^^^^^^^^^^^^^^^^^ not found in this scope

error[E0433]: failed to resolve: use of undeclared type `EthRtdBridgeEvents`
  --> crates/rtd-bridge/src/abi.rs:82:19
   |
82 |     EthRtdBridge, EthRtdBridgeEvents, "abi/rtd_bridge.json",
   |                   ^^^^^^^^^^^^^^^^^^ use of undeclared type `EthRtdBridgeEvents`
   |
help: there is an enum variant `crate::orchestrator::tests::EthBridgeEvent::EthRtdBridgeEvents`; try using the variant's enum
   |
82 -     EthRtdBridge, EthRtdBridgeEvents, "abi/rtd_bridge.json",
82 +     EthRtdBridge, crate::orchestrator::tests::EthBridgeEvent, "abi/rtd_bridge.json",
   |
help: an enum with a similar name exists
   |
82 -     EthRtdBridge, EthRtdBridgeEvents, "abi/rtd_bridge.json",
82 +     EthRtdBridge, EthBridgeEvent, "abi/rtd_bridge.json",
   |

error[E0433]: failed to resolve: use of undeclared type `EthRtdBridgeEvents`
   --> crates/rtd-bridge/src/abi.rs:554:48
    |
554 |             EthBridgeEvent::EthRtdBridgeEvents(EthRtdBridgeEvents::TokensDepositedFilter(
    |                                                ^^^^^^^^^^^^^^^^^^ use of undeclared type `EthRtdBridgeEvents`
    |
help: there is an enum variant `crate::orchestrator::tests::EthBridgeEvent::EthRtdBridgeEvents`; try using the variant's enum
    |
554 -             EthBridgeEvent::EthRtdBridgeEvents(EthRtdBridgeEvents::TokensDepositedFilter(
554 +             EthBridgeEvent::EthRtdBridgeEvents(crate::orchestrator::tests::EthBridgeEvent::TokensDepositedFilter(
    |
help: an enum with a similar name exists
    |
554 -             EthBridgeEvent::EthRtdBridgeEvents(EthRtdBridgeEvents::TokensDepositedFilter(
554 +             EthBridgeEvent::EthRtdBridgeEvents(EthBridgeEvent::TokensDepositedFilter(
    |

error[E0433]: failed to resolve: use of undeclared type `EthRtdBridgeEvents`
   --> crates/rtd-bridge/src/abi.rs:579:52
    |
579 |         let e = EthBridgeEvent::EthRtdBridgeEvents(EthRtdBridgeEvents::TokensDepositedFilter(
    |                                                    ^^^^^^^^^^^^^^^^^^ use of undeclared type `EthRtdBridgeEvents`
    |
help: there is an enum variant `crate::orchestrator::tests::EthBridgeEvent::EthRtdBridgeEvents`; try using the variant's enum
    |
579 -         let e = EthBridgeEvent::EthRtdBridgeEvents(EthRtdBridgeEvents::TokensDepositedFilter(
579 +         let e = EthBridgeEvent::EthRtdBridgeEvents(crate::orchestrator::tests::EthBridgeEvent::TokensDepositedFilter(
    |
help: an enum with a similar name exists
    |
579 -         let e = EthBridgeEvent::EthRtdBridgeEvents(EthRtdBridgeEvents::TokensDepositedFilter(
579 +         let e = EthBridgeEvent::EthRtdBridgeEvents(EthBridgeEvent::TokensDepositedFilter(
    |

error[E0433]: failed to resolve: use of undeclared type `EthRtdBridgeEvents`
   --> crates/rtd-bridge/src/abi.rs:598:52
    |
598 |         let e = EthBridgeEvent::EthRtdBridgeEvents(EthRtdBridgeEvents::TokensDepositedFilter(
    |                                                    ^^^^^^^^^^^^^^^^^^ use of undeclared type `EthRtdBridgeEvents`
    |
help: there is an enum variant `crate::orchestrator::tests::EthBridgeEvent::EthRtdBridgeEvents`; try using the variant's enum
    |
598 -         let e = EthBridgeEvent::EthRtdBridgeEvents(EthRtdBridgeEvents::TokensDepositedFilter(
598 +         let e = EthBridgeEvent::EthRtdBridgeEvents(crate::orchestrator::tests::EthBridgeEvent::TokensDepositedFilter(
    |
help: an enum with a similar name exists
    |
598 -         let e = EthBridgeEvent::EthRtdBridgeEvents(EthRtdBridgeEvents::TokensDepositedFilter(
598 +         let e = EthBridgeEvent::EthRtdBridgeEvents(EthBridgeEvent::TokensDepositedFilter(
    |

error[E0433]: failed to resolve: use of unresolved module or unlinked crate `eth_rtd_bridge`
   --> crates/rtd-bridge/src/abi.rs:382:13
    |
382 |             eth_rtd_bridge::Message {
    |             ^^^^^^^^^^^^^^ use of unresolved module or unlinked crate `eth_rtd_bridge`
    |
    = help: if you wanted to use a crate named `eth_rtd_bridge`, use `cargo add eth_rtd_bridge` to add it to your `Cargo.toml`

error[E0433]: failed to resolve: use of undeclared type `EthRtdBridgeEvents`
   --> crates/rtd-bridge/src/abi.rs:106:21
    |
106 |                     EthRtdBridgeEvents::TokensDepositedFilter(event) => {
    |                     ^^^^^^^^^^^^^^^^^^ use of undeclared type `EthRtdBridgeEvents`
    |
help: there is an enum variant `crate::orchestrator::tests::EthBridgeEvent::EthRtdBridgeEvents`; try using the variant's enum
    |
106 -                     EthRtdBridgeEvents::TokensDepositedFilter(event) => {
106 +                     crate::orchestrator::tests::EthBridgeEvent::TokensDepositedFilter(event) => {
    |
help: an enum with a similar name exists
    |
106 -                     EthRtdBridgeEvents::TokensDepositedFilter(event) => {
106 +                     EthBridgeEvent::TokensDepositedFilter(event) => {
    |

error[E0433]: failed to resolve: use of undeclared type `EthRtdBridgeEvents`
   --> crates/rtd-bridge/src/abi.rs:135:21
    |
135 |                     EthRtdBridgeEvents::TokensClaimedFilter(_event) => None,
    |                     ^^^^^^^^^^^^^^^^^^ use of undeclared type `EthRtdBridgeEvents`
    |
help: there is an enum variant `crate::orchestrator::tests::EthBridgeEvent::EthRtdBridgeEvents`; try using the variant's enum
    |
135 -                     EthRtdBridgeEvents::TokensClaimedFilter(_event) => None,
135 +                     crate::orchestrator::tests::EthBridgeEvent::TokensClaimedFilter(_event) => None,
    |
help: an enum with a similar name exists
    |
135 -                     EthRtdBridgeEvents::TokensClaimedFilter(_event) => None,
135 +                     EthBridgeEvent::TokensClaimedFilter(_event) => None,
    |

error[E0433]: failed to resolve: use of undeclared type `EthRtdBridgeEvents`
   --> crates/rtd-bridge/src/abi.rs:136:21
    |
136 |                     EthRtdBridgeEvents::PausedFilter(_event) => None,
    |                     ^^^^^^^^^^^^^^^^^^ use of undeclared type `EthRtdBridgeEvents`
    |
help: there is an enum variant `crate::orchestrator::tests::EthBridgeEvent::EthRtdBridgeEvents`; try using the variant's enum
    |
136 -                     EthRtdBridgeEvents::PausedFilter(_event) => None,
136 +                     crate::orchestrator::tests::EthBridgeEvent::PausedFilter(_event) => None,
    |
help: an enum with a similar name exists
    |
136 -                     EthRtdBridgeEvents::PausedFilter(_event) => None,
136 +                     EthBridgeEvent::PausedFilter(_event) => None,
    |

error[E0433]: failed to resolve: use of undeclared type `EthRtdBridgeEvents`
   --> crates/rtd-bridge/src/abi.rs:137:21
    |
137 |                     EthRtdBridgeEvents::UnpausedFilter(_event) => None,
    |                     ^^^^^^^^^^^^^^^^^^ use of undeclared type `EthRtdBridgeEvents`
    |
help: there is an enum variant `crate::orchestrator::tests::EthBridgeEvent::EthRtdBridgeEvents`; try using the variant's enum
    |
137 -                     EthRtdBridgeEvents::UnpausedFilter(_event) => None,
137 +                     crate::orchestrator::tests::EthBridgeEvent::UnpausedFilter(_event) => None,
    |
help: an enum with a similar name exists
    |
137 -                     EthRtdBridgeEvents::UnpausedFilter(_event) => None,
137 +                     EthBridgeEvent::UnpausedFilter(_event) => None,
    |

error[E0433]: failed to resolve: use of undeclared type `EthRtdBridgeEvents`
   --> crates/rtd-bridge/src/abi.rs:138:21
    |
138 |                     EthRtdBridgeEvents::UpgradedFilter(_event) => None,
    |                     ^^^^^^^^^^^^^^^^^^ use of undeclared type `EthRtdBridgeEvents`
    |
help: there is an enum variant `crate::orchestrator::tests::EthBridgeEvent::EthRtdBridgeEvents`; try using the variant's enum
    |
138 -                     EthRtdBridgeEvents::UpgradedFilter(_event) => None,
138 +                     crate::orchestrator::tests::EthBridgeEvent::UpgradedFilter(_event) => None,
    |
help: an enum with a similar name exists
    |
138 -                     EthRtdBridgeEvents::UpgradedFilter(_event) => None,
138 +                     EthBridgeEvent::UpgradedFilter(_event) => None,
    |

error[E0433]: failed to resolve: use of undeclared type `EthRtdBridgeEvents`
   --> crates/rtd-bridge/src/abi.rs:139:21
    |
139 |                     EthRtdBridgeEvents::InitializedFilter(_event) => None,
    |                     ^^^^^^^^^^^^^^^^^^ use of undeclared type `EthRtdBridgeEvents`
    |
help: there is an enum variant `crate::orchestrator::tests::EthBridgeEvent::EthRtdBridgeEvents`; try using the variant's enum
    |
139 -                     EthRtdBridgeEvents::InitializedFilter(_event) => None,
139 +                     crate::orchestrator::tests::EthBridgeEvent::InitializedFilter(_event) => None,
    |
help: an enum with a similar name exists
    |
139 -                     EthRtdBridgeEvents::InitializedFilter(_event) => None,
139 +                     EthBridgeEvent::InitializedFilter(_event) => None,
    |

error[E0433]: failed to resolve: use of undeclared type `EthRtdBridgeEvents`
   --> crates/rtd-bridge/src/abi.rs:140:21
    |
140 |                     EthRtdBridgeEvents::ContractUpgradedFilter(_event) => None,
    |                     ^^^^^^^^^^^^^^^^^^ use of undeclared type `EthRtdBridgeEvents`
    |
help: there is an enum variant `crate::orchestrator::tests::EthBridgeEvent::EthRtdBridgeEvents`; try using the variant's enum
    |
140 -                     EthRtdBridgeEvents::ContractUpgradedFilter(_event) => None,
140 +                     crate::orchestrator::tests::EthBridgeEvent::ContractUpgradedFilter(_event) => None,
    |
help: an enum with a similar name exists
    |
140 -                     EthRtdBridgeEvents::ContractUpgradedFilter(_event) => None,
140 +                     EthBridgeEvent::ContractUpgradedFilter(_event) => None,
    |

error[E0433]: failed to resolve: use of undeclared type `EthRtdBridgeEvents`
   --> crates/rtd-bridge/src/abi.rs:141:21
    |
141 |                     EthRtdBridgeEvents::EmergencyOperationFilter(_event) => None,
    |                     ^^^^^^^^^^^^^^^^^^ use of undeclared type `EthRtdBridgeEvents`
    |
help: there is an enum variant `crate::orchestrator::tests::EthBridgeEvent::EthRtdBridgeEvents`; try using the variant's enum
    |
141 -                     EthRtdBridgeEvents::EmergencyOperationFilter(_event) => None,
141 +                     crate::orchestrator::tests::EthBridgeEvent::EmergencyOperationFilter(_event) => None,
    |
help: an enum with a similar name exists
    |
141 -                     EthRtdBridgeEvents::EmergencyOperationFilter(_event) => None,
141 +                     EthBridgeEvent::EmergencyOperationFilter(_event) => None,
    |

error[E0433]: failed to resolve: use of unresolved module or unlinked crate `eth_rtd_bridge`
   --> crates/rtd-bridge/src/abi.rs:379:22
    |
379 |         let message: eth_rtd_bridge::Message = action.try_into().unwrap();
    |                      ^^^^^^^^^^^^^^ use of unresolved module or unlinked crate `eth_rtd_bridge`
    |
    = help: if you wanted to use a crate named `eth_rtd_bridge`, use `cargo add eth_rtd_bridge` to add it to your `Cargo.toml`

Some errors have detailed explanations: E0412, E0422, E0432, E0433.
error: could not compile `rtd-bridge` (lib test) due to 38 previous errors
